[3.921s] DEBUG:colcon:Command line arguments: ['/usr/bin/colcon', 'build', '--symlink-install']
[3.921s] DEBUG:colcon:Parsed command line arguments: Namespace(allow_overriding=[], ament_cmake_args=None, base_paths=['.'], build_base='build', catkin_cmake_args=None, catkin_skip_building_tests=False, cmake_args=None, cmake_clean_cache=False, cmake_clean_first=False, cmake_force_configure=False, cmake_target=None, cmake_target_skip_unavailable=False, continue_on_error=False, event_handlers=None, executor='parallel', ignore_user_meta=False, install_base='install', log_base=None, log_level=None, main=<bound method BuildVerb.main of <colcon_core.verb.build.BuildVerb object at 0x7f66e0246e80>>, merge_install=False, metas=['./colcon.meta'], packages_above=None, packages_above_and_dependencies=None, packages_above_depth=None, packages_end=None, packages_ignore=None, packages_ignore_regex=None, packages_select=None, packages_select_build_failed=False, packages_select_by_dep=None, packages_select_regex=None, packages_select_test_failures=False, packages_skip=None, packages_skip_build_finished=False, packages_skip_by_dep=None, packages_skip_regex=None, packages_skip_test_passed=False, packages_skip_up_to=None, packages_start=None, packages_up_to=None, packages_up_to_regex=None, parallel_workers=2, paths=None, symlink_install=True, test_result_base=None, verb_extension=<colcon_core.verb.build.BuildVerb object at 0x7f66e0246e80>, verb_name='build', verb_parser=<colcon_defaults.argument_parser.defaults.DefaultArgumentsDecorator object at 0x7f66dfea1250>)
[4.139s] Level 1:colcon.colcon_core.package_discovery:discover_packages(colcon_meta) check parameters
[4.139s] Level 1:colcon.colcon_core.package_discovery:discover_packages(recursive) check parameters
[4.139s] Level 1:colcon.colcon_core.package_discovery:discover_packages(ignore) check parameters
[4.139s] Level 1:colcon.colcon_core.package_discovery:discover_packages(path) check parameters
[4.139s] Level 1:colcon.colcon_core.package_discovery:discover_packages(colcon_meta) discover
[4.139s] Level 1:colcon.colcon_core.package_discovery:discover_packages(recursive) discover
[4.139s] INFO:colcon.colcon_core.package_discovery:Crawling recursively for packages in '/home/diana/JumpingDriving_Sim'
[4.139s] Level 1:colcon.colcon_core.package_identification:_identify(.) by extensions ['ignore', 'ignore_ament_install']
[4.139s] Level 1:colcon.colcon_core.package_identification:_identify(.) by extension 'ignore'
[4.139s] Level 1:colcon.colcon_core.package_identification:_identify(.) by extension 'ignore_ament_install'
[4.139s] Level 1:colcon.colcon_core.package_identification:_identify(.) by extensions ['colcon_pkg']
[4.139s] Level 1:colcon.colcon_core.package_identification:_identify(.) by extension 'colcon_pkg'
[4.139s] Level 1:colcon.colcon_core.package_identification:_identify(.) by extensions ['colcon_meta']
[4.139s] Level 1:colcon.colcon_core.package_identification:_identify(.) by extension 'colcon_meta'
[4.139s] Level 1:colcon.colcon_core.package_identification:_identify(.) by extensions ['ros']
[4.139s] Level 1:colcon.colcon_core.package_identification:_identify(.) by extension 'ros'
[4.156s] Level 1:colcon.colcon_core.package_identification:_identify(.) by extensions ['cmake', 'python']
[4.156s] Level 1:colcon.colcon_core.package_identification:_identify(.) by extension 'cmake'
[4.156s] Level 1:colcon.colcon_core.package_identification:_identify(.) by extension 'python'
[4.156s] Level 1:colcon.colcon_core.package_identification:_identify(.) by extensions ['python_setup_py']
[4.156s] Level 1:colcon.colcon_core.package_identification:_identify(.) by extension 'python_setup_py'
[4.156s] Level 1:colcon.colcon_core.package_identification:_identify(build) by extensions ['ignore', 'ignore_ament_install']
[4.156s] Level 1:colcon.colcon_core.package_identification:_identify(build) by extension 'ignore'
[4.156s] Level 1:colcon.colcon_core.package_identification:_identify(build) ignored
[4.156s] Level 1:colcon.colcon_core.package_identification:_identify(install) by extensions ['ignore', 'ignore_ament_install']
[4.156s] Level 1:colcon.colcon_core.package_identification:_identify(install) by extension 'ignore'
[4.156s] Level 1:colcon.colcon_core.package_identification:_identify(install) ignored
[4.156s] Level 1:colcon.colcon_core.package_identification:_identify(log) by extensions ['ignore', 'ignore_ament_install']
[4.156s] Level 1:colcon.colcon_core.package_identification:_identify(log) by extension 'ignore'
[4.156s] Level 1:colcon.colcon_core.package_identification:_identify(log) ignored
[4.156s] Level 1:colcon.colcon_core.package_identification:_identify(src) by extensions ['ignore', 'ignore_ament_install']
[4.157s] Level 1:colcon.colcon_core.package_identification:_identify(src) by extension 'ignore'
[4.157s] Level 1:colcon.colcon_core.package_identification:_identify(src) by extension 'ignore_ament_install'
[4.157s] Level 1:colcon.colcon_core.package_identification:_identify(src) by extensions ['colcon_pkg']
[4.157s] Level 1:colcon.colcon_core.package_identification:_identify(src) by extension 'colcon_pkg'
[4.157s] Level 1:colcon.colcon_core.package_identification:_identify(src) by extensions ['colcon_meta']
[4.157s] Level 1:colcon.colcon_core.package_identification:_identify(src) by extension 'colcon_meta'
[4.157s] Level 1:colcon.colcon_core.package_identification:_identify(src) by extensions ['ros']
[4.157s] Level 1:colcon.colcon_core.package_identification:_identify(src) by extension 'ros'
[4.157s] Level 1:colcon.colcon_core.package_identification:_identify(src) by extensions ['cmake', 'python']
[4.157s] Level 1:colcon.colcon_core.package_identification:_identify(src) by extension 'cmake'
[4.157s] Level 1:colcon.colcon_core.package_identification:_identify(src) by extension 'python'
[4.157s] Level 1:colcon.colcon_core.package_identification:_identify(src) by extensions ['python_setup_py']
[4.157s] Level 1:colcon.colcon_core.package_identification:_identify(src) by extension 'python_setup_py'
[4.157s] Level 1:colcon.colcon_core.package_identification:_identify(src/robot_urdf) by extensions ['ignore', 'ignore_ament_install']
[4.157s] Level 1:colcon.colcon_core.package_identification:_identify(src/robot_urdf) by extension 'ignore'
[4.157s] Level 1:colcon.colcon_core.package_identification:_identify(src/robot_urdf) by extension 'ignore_ament_install'
[4.157s] Level 1:colcon.colcon_core.package_identification:_identify(src/robot_urdf) by extensions ['colcon_pkg']
[4.157s] Level 1:colcon.colcon_core.package_identification:_identify(src/robot_urdf) by extension 'colcon_pkg'
[4.157s] Level 1:colcon.colcon_core.package_identification:_identify(src/robot_urdf) by extensions ['colcon_meta']
[4.157s] Level 1:colcon.colcon_core.package_identification:_identify(src/robot_urdf) by extension 'colcon_meta'
[4.157s] Level 1:colcon.colcon_core.package_identification:_identify(src/robot_urdf) by extensions ['ros']
[4.157s] Level 1:colcon.colcon_core.package_identification:_identify(src/robot_urdf) by extension 'ros'
[4.162s] DEBUG:colcon.colcon_core.package_identification:Package 'src/robot_urdf' with type 'ros.catkin' and name 'URDF'
[4.162s] Level 1:colcon.colcon_core.package_discovery:discover_packages(recursive) using defaults
[4.162s] Level 1:colcon.colcon_core.package_discovery:discover_packages(ignore) discover
[4.162s] Level 1:colcon.colcon_core.package_discovery:discover_packages(ignore) using defaults
[4.162s] Level 1:colcon.colcon_core.package_discovery:discover_packages(path) discover
[4.162s] Level 1:colcon.colcon_core.package_discovery:discover_packages(path) using defaults
[4.538s] Level 1:colcon.colcon_core.package_discovery:discover_packages(prefix_path) check parameters
[4.538s] Level 1:colcon.colcon_core.package_discovery:discover_packages(prefix_path) discover
[4.682s] Level 1:colcon.colcon_core.package_discovery:discover_packages(prefix_path) using defaults
[4.821s] Level 5:colcon.colcon_core.verb:set package 'URDF' build argument 'cmake_args' from command line to 'None'
[4.821s] Level 5:colcon.colcon_core.verb:set package 'URDF' build argument 'cmake_target' from command line to 'None'
[4.821s] Level 5:colcon.colcon_core.verb:set package 'URDF' build argument 'cmake_target_skip_unavailable' from command line to 'False'
[4.821s] Level 5:colcon.colcon_core.verb:set package 'URDF' build argument 'cmake_clean_cache' from command line to 'False'
[4.821s] Level 5:colcon.colcon_core.verb:set package 'URDF' build argument 'cmake_clean_first' from command line to 'False'
[4.821s] Level 5:colcon.colcon_core.verb:set package 'URDF' build argument 'cmake_force_configure' from command line to 'False'
[4.821s] Level 5:colcon.colcon_core.verb:set package 'URDF' build argument 'ament_cmake_args' from command line to 'None'
[4.821s] Level 5:colcon.colcon_core.verb:set package 'URDF' build argument 'catkin_cmake_args' from command line to 'None'
[4.821s] Level 5:colcon.colcon_core.verb:set package 'URDF' build argument 'catkin_skip_building_tests' from command line to 'False'
[4.821s] DEBUG:colcon.colcon_core.verb:Building package 'URDF' with the following arguments: {'ament_cmake_args': None, 'build_base': '/home/diana/JumpingDriving_Sim/build/URDF', 'catkin_cmake_args': None, 'catkin_skip_building_tests': False, 'cmake_args': None, 'cmake_clean_cache': False, 'cmake_clean_first': False, 'cmake_force_configure': False, 'cmake_target': None, 'cmake_target_skip_unavailable': False, 'install_base': '/home/diana/JumpingDriving_Sim/install/URDF', 'merge_install': False, 'path': '/home/diana/JumpingDriving_Sim/src/robot_urdf', 'symlink_install': True, 'test_result_base': None}
[4.888s] INFO:colcon.colcon_core.executor:Executing jobs using 'parallel' executor
[4.959s] DEBUG:colcon.colcon_parallel_executor.executor.parallel:run_until_complete
[4.959s] INFO:colcon.colcon_ros.task.catkin.build:Building ROS package in '/home/diana/JumpingDriving_Sim/src/robot_urdf' with build type 'catkin'
[4.959s] INFO:colcon.colcon_cmake.task.cmake.build:Building CMake package in '/home/diana/JumpingDriving_Sim/src/robot_urdf'
[5.052s] INFO:colcon.colcon_core.plugin_system:Skipping extension 'colcon_core.shell.bat': Not used on non-Windows systems
[5.053s] INFO:colcon.colcon_core.shell:Skip shell extension 'powershell' for command environment: Not usable outside of PowerShell
[5.053s] DEBUG:colcon.colcon_core.shell:Skip shell extension 'dsv' for command environment
[5.202s] DEBUG:colcon.colcon_core.shell:Ignoring prefix path '/opt/ros/noetic'
[5.212s] DEBUG:colcon.colcon_core.event_handler.log_command:Invoking command in '/home/diana/JumpingDriving_Sim/build/URDF': /usr/bin/cmake /home/diana/JumpingDriving_Sim/src/robot_urdf -DCATKIN_INSTALL_INTO_PREFIX_ROOT=0 -DCATKIN_SYMLINK_INSTALL=ON -DCMAKE_INSTALL_PREFIX=/home/diana/JumpingDriving_Sim/install/URDF
[6.786s] DEBUG:colcon.colcon_core.event_handler.log_command:Invoked command in '/home/diana/JumpingDriving_Sim/build/URDF' returned '0': /usr/bin/cmake /home/diana/JumpingDriving_Sim/src/robot_urdf -DCATKIN_INSTALL_INTO_PREFIX_ROOT=0 -DCATKIN_SYMLINK_INSTALL=ON -DCMAKE_INSTALL_PREFIX=/home/diana/JumpingDriving_Sim/install/URDF
[6.787s] DEBUG:colcon.colcon_core.event_handler.log_command:Invoking command in '/home/diana/JumpingDriving_Sim/build/URDF': /usr/bin/cmake --build /home/diana/JumpingDriving_Sim/build/URDF -- -j2 -l2
[6.818s] DEBUG:colcon.colcon_core.event_handler.log_command:Invoked command in '/home/diana/JumpingDriving_Sim/build/URDF' returned '0': /usr/bin/cmake --build /home/diana/JumpingDriving_Sim/build/URDF -- -j2 -l2
[6.847s] DEBUG:colcon.colcon_core.event_handler.log_command:Invoking command in '/home/diana/JumpingDriving_Sim/build/URDF': /usr/bin/cmake --build /home/diana/JumpingDriving_Sim/build/URDF --target tests -- -j2 -l2
[6.906s] DEBUG:colcon.colcon_core.event_handler.log_command:Invoked command in '/home/diana/JumpingDriving_Sim/build/URDF' returned '0': /usr/bin/cmake --build /home/diana/JumpingDriving_Sim/build/URDF --target tests -- -j2 -l2
[6.943s] DEBUG:colcon.colcon_core.event_handler.log_command:Invoking command in '/home/diana/JumpingDriving_Sim/build/URDF': /usr/bin/cmake --install /home/diana/JumpingDriving_Sim/build/URDF
[7.040s] DEBUG:colcon.colcon_core.event_handler.log_command:Invoked command in '/home/diana/JumpingDriving_Sim/build/URDF' returned '0': /usr/bin/cmake --install /home/diana/JumpingDriving_Sim/build/URDF
[7.067s] Level 1:colcon.colcon_core.shell:create_environment_hook('URDF', 'ros_package_path')
[7.137s] INFO:colcon.colcon_core.shell:Creating environment hook '/home/diana/JumpingDriving_Sim/install/URDF/share/URDF/hook/ros_package_path.ps1'
[7.149s] INFO:colcon.colcon_core.shell:Creating environment descriptor '/home/diana/JumpingDriving_Sim/install/URDF/share/URDF/hook/ros_package_path.dsv'
[7.150s] INFO:colcon.colcon_core.shell:Creating environment hook '/home/diana/JumpingDriving_Sim/install/URDF/share/URDF/hook/ros_package_path.sh'
[7.151s] Level 1:colcon.colcon_ros.task.catkin:checking '/home/diana/JumpingDriving_Sim/install/URDF/lib/python3/dist-packages'
[7.151s] Level 1:colcon.colcon_core.shell:create_environment_hook('URDF', 'pkg_config_path')
[7.218s] INFO:colcon.colcon_core.shell:Creating environment hook '/home/diana/JumpingDriving_Sim/install/URDF/share/URDF/hook/pkg_config_path.ps1'
[7.218s] INFO:colcon.colcon_core.shell:Creating environment descriptor '/home/diana/JumpingDriving_Sim/install/URDF/share/URDF/hook/pkg_config_path.dsv'
[7.219s] INFO:colcon.colcon_core.shell:Creating environment hook '/home/diana/JumpingDriving_Sim/install/URDF/share/URDF/hook/pkg_config_path.sh'
[7.222s] Level 1:colcon.colcon_core.shell:create_environment_hook('URDF', 'pkg_config_path_multiarch')
[7.291s] INFO:colcon.colcon_core.shell:Creating environment hook '/home/diana/JumpingDriving_Sim/install/URDF/share/URDF/hook/pkg_config_path_multiarch.ps1'
[7.292s] INFO:colcon.colcon_core.shell:Creating environment descriptor '/home/diana/JumpingDriving_Sim/install/URDF/share/URDF/hook/pkg_config_path_multiarch.dsv'
[7.292s] INFO:colcon.colcon_core.shell:Creating environment hook '/home/diana/JumpingDriving_Sim/install/URDF/share/URDF/hook/pkg_config_path_multiarch.sh'
[7.365s] Level 1:colcon.colcon_core.environment:create_environment_scripts_only(URDF)
[7.465s] Level 1:colcon.colcon_core.environment:checking '/home/diana/JumpingDriving_Sim/install/URDF' for CMake module files
[7.465s] Level 1:colcon.colcon_core.environment:checking '/home/diana/JumpingDriving_Sim/install/URDF' for CMake config files
[7.465s] Level 1:colcon.colcon_core.shell:create_environment_hook('URDF', 'cmake_prefix_path')
[7.530s] INFO:colcon.colcon_core.shell:Creating environment hook '/home/diana/JumpingDriving_Sim/install/URDF/share/URDF/hook/cmake_prefix_path.ps1'
[7.531s] INFO:colcon.colcon_core.shell:Creating environment descriptor '/home/diana/JumpingDriving_Sim/install/URDF/share/URDF/hook/cmake_prefix_path.dsv'
[7.531s] INFO:colcon.colcon_core.shell:Creating environment hook '/home/diana/JumpingDriving_Sim/install/URDF/share/URDF/hook/cmake_prefix_path.sh'
[7.532s] Level 1:colcon.colcon_core.environment:checking '/home/diana/JumpingDriving_Sim/install/URDF/lib'
[7.532s] Level 1:colcon.colcon_core.environment:checking '/home/diana/JumpingDriving_Sim/install/URDF/bin'
[7.532s] Level 1:colcon.colcon_core.environment:checking '/home/diana/JumpingDriving_Sim/install/URDF/lib/pkgconfig/URDF.pc'
[7.532s] Level 1:colcon.colcon_core.shell:create_environment_hook('URDF', 'pkg_config')
[7.596s] INFO:colcon.colcon_core.shell:Creating environment hook '/home/diana/JumpingDriving_Sim/install/URDF/share/URDF/hook/pkg_config.ps1'
[7.597s] INFO:colcon.colcon_core.shell:Creating environment descriptor '/home/diana/JumpingDriving_Sim/install/URDF/share/URDF/hook/pkg_config.dsv'
[7.597s] INFO:colcon.colcon_core.shell:Creating environment hook '/home/diana/JumpingDriving_Sim/install/URDF/share/URDF/hook/pkg_config.sh'
[7.598s] Level 1:colcon.colcon_core.environment:checking '/home/diana/JumpingDriving_Sim/install/URDF/lib/python3.8/site-packages'
[7.598s] Level 1:colcon.colcon_core.environment:checking '/home/diana/JumpingDriving_Sim/install/URDF/bin'
[7.663s] INFO:colcon.colcon_core.shell:Creating package script '/home/diana/JumpingDriving_Sim/install/URDF/share/URDF/package.ps1'
[7.673s] INFO:colcon.colcon_core.shell:Creating package descriptor '/home/diana/JumpingDriving_Sim/install/URDF/share/URDF/package.dsv'
[7.682s] INFO:colcon.colcon_core.shell:Creating package script '/home/diana/JumpingDriving_Sim/install/URDF/share/URDF/package.sh'
[7.683s] INFO:colcon.colcon_core.shell:Creating package script '/home/diana/JumpingDriving_Sim/install/URDF/share/URDF/package.bash'
[7.685s] INFO:colcon.colcon_core.shell:Creating package script '/home/diana/JumpingDriving_Sim/install/URDF/share/URDF/package.zsh'
[7.687s] Level 1:colcon.colcon_core.environment:create_file_with_runtime_dependencies(/home/diana/JumpingDriving_Sim/install/URDF/share/colcon-core/packages/URDF)
[7.688s] DEBUG:colcon.colcon_parallel_executor.executor.parallel:closing loop
[7.688s] DEBUG:colcon.colcon_parallel_executor.executor.parallel:loop closed
[7.688s] DEBUG:colcon.colcon_parallel_executor.executor.parallel:run_until_complete finished with '0'
[7.689s] DEBUG:colcon.colcon_core.event_reactor:joining thread
[7.769s] INFO:colcon.colcon_core.plugin_system:Skipping extension 'colcon_notification.desktop_notification.terminal_notifier': Not used on non-Darwin systems
[7.769s] INFO:colcon.colcon_core.plugin_system:Skipping extension 'colcon_notification.desktop_notification.win32': Not used on non-Windows systems
[7.769s] INFO:colcon.colcon_notification.desktop_notification:Sending desktop notification using 'notify2'
[7.798s] DEBUG:colcon.colcon_core.event_reactor:joined thread
[7.883s] INFO:colcon.colcon_core.shell:Creating prefix script '/home/diana/JumpingDriving_Sim/install/local_setup.ps1'
[7.887s] INFO:colcon.colcon_core.shell:Creating prefix util module '/home/diana/JumpingDriving_Sim/install/_local_setup_util_ps1.py'
[7.888s] INFO:colcon.colcon_core.shell:Creating prefix chain script '/home/diana/JumpingDriving_Sim/install/setup.ps1'
[7.959s] INFO:colcon.colcon_core.shell:Creating prefix script '/home/diana/JumpingDriving_Sim/install/local_setup.sh'
[7.963s] INFO:colcon.colcon_core.shell:Creating prefix util module '/home/diana/JumpingDriving_Sim/install/_local_setup_util_sh.py'
[7.964s] INFO:colcon.colcon_core.shell:Creating prefix chain script '/home/diana/JumpingDriving_Sim/install/setup.sh'
[8.041s] INFO:colcon.colcon_core.shell:Creating prefix script '/home/diana/JumpingDriving_Sim/install/local_setup.bash'
[8.042s] INFO:colcon.colcon_core.shell:Creating prefix chain script '/home/diana/JumpingDriving_Sim/install/setup.bash'
[8.115s] INFO:colcon.colcon_core.shell:Creating prefix script '/home/diana/JumpingDriving_Sim/install/local_setup.zsh'
[8.116s] INFO:colcon.colcon_core.shell:Creating prefix chain script '/home/diana/JumpingDriving_Sim/install/setup.zsh'
