[0.251s] Invoking command in '/home/diana/JumpingDriving_Sim/build/URDF': /usr/bin/cmake /home/diana/JumpingDriving_Sim/src/robot_urdf -DCATKIN_INSTALL_INTO_PREFIX_ROOT=0 -DCATKIN_SYMLINK_INSTALL=ON -DCMAKE_INSTALL_PREFIX=/home/diana/JumpingDriving_Sim/install/URDF
[0.502s] -- The C compiler identification is GNU 9.4.0
[0.677s] -- The CXX compiler identification is GNU 9.4.0
[0.696s] -- Check for working C compiler: /usr/bin/cc
[0.753s] -- Check for working C compiler: /usr/bin/cc -- works
[0.756s] -- Detecting C compiler ABI info
[0.814s] -- Detecting C compiler ABI info - done
[0.823s] -- Detecting C compile features
[0.825s] -- Detecting C compile features - done
[0.830s] -- Check for working CXX compiler: /usr/bin/c++
[0.891s] -- Check for working CXX compiler: /usr/bin/c++ -- works
[0.892s] -- Detecting CXX compiler ABI info
[0.957s] -- Detecting CXX compiler ABI info - done
[0.967s] -- Detecting CXX compile features
[0.967s] -- Detecting CXX compile features - done
[0.976s] -- Using CATKIN_DEVEL_PREFIX: /home/diana/JumpingDriving_Sim/build/URDF/devel
[0.976s] -- Using CMAKE_PREFIX_PATH: /opt/ros/noetic
[0.976s] -- This workspace overlays: /opt/ros/noetic
[0.986s] -- Override CMake install command with custom implementation using symlinks instead of copying resources
[1.010s] -- Found PythonInterp: /usr/bin/python3 (found suitable version "3.8.10", minimum required is "3") 
[1.010s] -- Using PYTHON_EXECUTABLE: /usr/bin/python3
[1.010s] -- Using Debian Python package layout
[1.034s] -- Found PY_em: /home/diana/.local/lib/python3.8/site-packages/em.py  
[1.034s] -- Using empy: /home/diana/.local/lib/python3.8/site-packages/em.py
[1.146s] -- Using CATKIN_ENABLE_TESTING: ON
[1.146s] -- Call enable_testing()
[1.151s] -- Using CATKIN_TEST_RESULTS_DIR: /home/diana/JumpingDriving_Sim/build/URDF/test_results
[1.451s] -- Forcing gtest/gmock from source, though one was otherwise available.
[1.451s] -- Found gtest sources under '/usr/src/googletest': gtests will be built
[1.451s] -- Found gmock sources under '/usr/src/googletest': gmock will be built
[1.476s] -- Found PythonInterp: /usr/bin/python3 (found version "3.8.10") 
[1.478s] -- Found Threads: TRUE  
[1.484s] -- Using Python nosetests: /usr/bin/nosetests3
[1.540s] -- catkin 0.8.10
[1.540s] -- BUILD_SHARED_LIBS is on
[1.708s] WARNING: Package name "URDF" does not follow the naming conventions. It should start with a lower case letter and only contain lower case letters, digits, underscores, and dashes.
[1.810s] -- Configuring done
[1.816s] -- Generating done
[1.817s] -- Build files have been written to: /home/diana/JumpingDriving_Sim/build/URDF
[1.826s] Invoked command in '/home/diana/JumpingDriving_Sim/build/URDF' returned '0': /usr/bin/cmake /home/diana/JumpingDriving_Sim/src/robot_urdf -DCATKIN_INSTALL_INTO_PREFIX_ROOT=0 -DCATKIN_SYMLINK_INSTALL=ON -DCMAKE_INSTALL_PREFIX=/home/diana/JumpingDriving_Sim/install/URDF
[1.826s] Invoking command in '/home/diana/JumpingDriving_Sim/build/URDF': /usr/bin/cmake --build /home/diana/JumpingDriving_Sim/build/URDF -- -j2 -l2
[1.858s] Invoked command in '/home/diana/JumpingDriving_Sim/build/URDF' returned '0': /usr/bin/cmake --build /home/diana/JumpingDriving_Sim/build/URDF -- -j2 -l2
[1.887s] Invoking command in '/home/diana/JumpingDriving_Sim/build/URDF': /usr/bin/cmake --build /home/diana/JumpingDriving_Sim/build/URDF --target tests -- -j2 -l2
[1.926s] [35m[1mScanning dependencies of target tests[0m
[1.934s] Built target tests
[1.945s] Invoked command in '/home/diana/JumpingDriving_Sim/build/URDF' returned '0': /usr/bin/cmake --build /home/diana/JumpingDriving_Sim/build/URDF --target tests -- -j2 -l2
[1.982s] Invoking command in '/home/diana/JumpingDriving_Sim/build/URDF': /usr/bin/cmake --install /home/diana/JumpingDriving_Sim/build/URDF
[1.989s] -- Install configuration: ""
[1.989s] -- Execute custom install script
[1.989s] -- Symlinking: /home/diana/JumpingDriving_Sim/install/URDF/lib/pkgconfig/URDF.pc
[1.997s] -- Symlinking: /home/diana/JumpingDriving_Sim/install/URDF/share/URDF/cmake/URDFConfig.cmake
[2.004s] -- Symlinking: /home/diana/JumpingDriving_Sim/install/URDF/share/URDF/cmake/URDFConfig-version.cmake
[2.010s] -- Symlinking: /home/diana/JumpingDriving_Sim/install/URDF/share/URDF/package.xml
[2.017s] -- Symlinking: /home/diana/JumpingDriving_Sim/install/URDF/share/URDF/config/joint_names_URDF.yaml
[2.023s] -- Symlinking: /home/diana/JumpingDriving_Sim/install/URDF/share/URDF/launch/display.launch
[2.029s] -- Symlinking: /home/diana/JumpingDriving_Sim/install/URDF/share/URDF/launch/gazebo.launch
[2.035s] -- Symlinking: /home/diana/JumpingDriving_Sim/install/URDF/share/URDF/meshes/Body.STL
[2.041s] -- Symlinking: /home/diana/JumpingDriving_Sim/install/URDF/share/URDF/meshes/Pinion.STL
[2.047s] -- Symlinking: /home/diana/JumpingDriving_Sim/install/URDF/share/URDF/meshes/Wheel_L.STL
[2.053s] -- Symlinking: /home/diana/JumpingDriving_Sim/install/URDF/share/URDF/meshes/Wheel_R.STL
[2.063s] -- Symlinking: /home/diana/JumpingDriving_Sim/install/URDF/share/URDF/urdf/URDF.csv
[2.070s] -- Symlinking: /home/diana/JumpingDriving_Sim/install/URDF/share/URDF/urdf/URDF.urdf
[2.079s] Invoked command in '/home/diana/JumpingDriving_Sim/build/URDF' returned '0': /usr/bin/cmake --install /home/diana/JumpingDriving_Sim/build/URDF
